<?xml version="1.0" encoding="UTF-8"?>
<testsuite xmlns:xsi="http://www.w3.org/2001/XMLSchema-instance" xsi:noNamespaceSchemaLocation="https://maven.apache.org/surefire/maven-surefire-plugin/xsd/surefire-test-report.xsd" name="ar.edu.utn.frba.dds.primera_entrega_tests.DevuelveContraseniaSinEspaciosTest" time="0.034" tests="2" errors="0" skipped="0" failures="0">
  <properties>
[...]
</properties>
  <testcase name="contraseniaSinEspaciosDevuelveMismoString" classname="ar.edu.utn.frba.dds.primera_entrega_tests.DevuelveContraseniaSinEspaciosTest" time="0.021"/>
  <testcase name="contraseniaConEspaciosDevuelveStringMenor" classname="ar.edu.utn.frba.dds.primera_entrega_tests.DevuelveContraseniaSinEspaciosTest" time="0"/>
</testsuite>